16114645096878039986
WHITE MOCHIGOMA:  -  -  -  -  -  - 
 | - | l | z | 
 | k | h | - | 
 | - | H | K | 
 | Z | L | - | 
BLACK MOCHIGOMA:  -  -  -  -  -  - 
mv A1 A2
not win
reading flow
12813693236454075104
WHITE MOCHIGOMA:  h  -  -  -  -  - 
 | - | l | - | 
 | k | z | - | 
 | - | - | K | 
 | Z | L | - | 
BLACK MOCHIGOMA:  H  -  -  -  -  - 
mv C1 B2
not win
reading flow
16166247438340086167
WHITE MOCHIGOMA:  h  k  -  -  -  - 
 | - | - | - | 
 | k | z | l | 
 | - | - | - | 
 | Z | L | - | 
BLACK MOCHIGOMA:  H  -  -  -  -  - 
mv B1 C2
not win
reading flow
10402733736721674461
WHITE MOCHIGOMA:  h  k  -  -  -  - 
 | - | l | - | 
 | k | z | - | 
 | - | Z | - | 
 | - | L | - | 
BLACK MOCHIGOMA:  H  -  -  -  -  - 
mv C2 B1
not win
reading flow
6017104320526468297
WHITE MOCHIGOMA:  h  z  k  -  -  - 
 | - | - | - | 
 | l | z | - | 
 | - | - | - | 
 | - | L | - | 
BLACK MOCHIGOMA:  H  K  -  -  -  - 
mv B1 A2
not win
reading flow
18424126623173073025
WHITE MOCHIGOMA:  z  k  -  -  -  - 
 | - | h | - | 
 | l | z | - | 
 | - | - | - | 
 | H | L | - | 
BLACK MOCHIGOMA:  K  -  -  -  -  - 
5276529042093363054
WHITE MOCHIGOMA:  h  k  z  -  -  - 
 | - | - | - | 
 | l | z | - | 
 | - | - | - | 
 | H | L | - | 
BLACK MOCHIGOMA:  K  -  -  -  -  - 
0
not win
reading flow
11269459083549866981
WHITE MOCHIGOMA:  z  -  -  -  -  - 
 | - | h | k | 
 | l | z | K | 
 | - | - | - | 
 | H | L | - | 
BLACK MOCHIGOMA:  -  -  -  -  -  - 
2232165875466811238
WHITE MOCHIGOMA:  k  z  -  -  -  - 
 | - | h | - | 
 | l | z | K | 
 | - | - | - | 
 | H | L | - | 
BLACK MOCHIGOMA:  -  -  -  -  -  - 
0
not win
reading flow
16460864077160109273
WHITE MOCHIGOMA:  z  k  -  -  -  - 
 | - | h | z | 
 | l | - | - | 
 | - | - | - | 
 | H | L | - | 
BLACK MOCHIGOMA:  K  -  -  -  -  - 
mv B2 C1
not win
reading flow
5586045238990792607
WHITE MOCHIGOMA:  z  -  -  -  -  - 
 | - | h | z | 
 | l | k | - | 
 | - | - | L | 
 | H | - | - | 
BLACK MOCHIGOMA:  K  -  -  -  -  - 
11080793930653103596
WHITE MOCHIGOMA:  z  k  -  -  -  - 
 | - | h | z | 
 | l | - | - | 
 | - | - | L | 
 | H | - | - | 
BLACK MOCHIGOMA:  K  -  -  -  -  - 
1
not win
reading flow
12361032054044876190
WHITE MOCHIGOMA:  z  -  -  -  -  - 
 | l | h | z | 
 | - | k | - | 
 | - | - | L | 
 | H | K | - | 
BLACK MOCHIGOMA:  -  -  -  -  -  - 
mv A2 A1
not win
reading flow
9536866531282627971
WHITE MOCHIGOMA:  z  -  -  -  -  - 
 | l | h | z | 
 | k | - | - | 
 | H | - | L | 
 | - | K | - | 
BLACK MOCHIGOMA:  -  -  -  -  -  - 
mv B2 A2
not win
reading flow
10412659377805974058
WHITE MOCHIGOMA:  h  z  -  -  -  - 
 | - | h | z | 
 | l | - | - | 
 | - | - | L | 
 | - | K | - | 
BLACK MOCHIGOMA:  K  -  -  -  -  - 
mv A1 A2
not win
reading flow
17938770448810867949
WHITE MOCHIGOMA:  h  z  -  -  -  - 
 | - | h | - | 
 | l | z | L | 
 | - | - | - | 
 | - | K | - | 
BLACK MOCHIGOMA:  K  -  -  -  -  - 
mv C1 B2
not win
reading flow
15938777023486036413
WHITE MOCHIGOMA:  h  -  -  -  -  - 
 | - | h | K | 
 | l | z | L | 
 | z | - | - | 
 | - | K | - | 
BLACK MOCHIGOMA:  -  -  -  -  -  - 
18347991124960191187
WHITE MOCHIGOMA:  z  h  -  -  -  - 
 | - | h | K | 
 | l | z | L | 
 | - | - | - | 
 | - | K | - | 
BLACK MOCHIGOMA:  -  -  -  -  -  - 
0
not win
reading flow
17319076946931311287
WHITE MOCHIGOMA:  -  -  -  -  -  - 
 | - | h | K | 
 | l | z | L | 
 | z | h | - | 
 | K | - | - | 
BLACK MOCHIGOMA:  -  -  -  -  -  - 
17832197824947551686
WHITE MOCHIGOMA:  h  -  -  -  -  - 
 | - | h | K | 
 | l | z | L | 
 | z | - | - | 
 | K | - | - | 
BLACK MOCHIGOMA:  -  -  -  -  -  - 
0
not win
reading flow
11711566423762548214
WHITE MOCHIGOMA:  -  -  -  -  -  - 
 | - | K | - | 
 | l | z | L | 
 | z | - | - | 
 | K | n | - | 
BLACK MOCHIGOMA:  H  -  -  -  -  - 
mv B3 B4
not win
reading flow
15862863854092523237
WHITE MOCHIGOMA:  -  -  -  -  -  - 
 | l | K | - | 
 | - | z | L | 
 | z | - | - | 
 | - | K | - | 
BLACK MOCHIGOMA:  H  H  -  -  -  - 
mv A2 A1
not win
reading flow
14803930595710466462
WHITE MOCHIGOMA:  k  -  -  -  -  - 
 | K | - | - | 
 | - | z | L | 
 | - | - | - | 
 | - | z | - | 
BLACK MOCHIGOMA:  L  H  H  -  -  - 
mv A3 B4

